\BOOKMARK [1][-]{section.1}{Introduction}{}
\BOOKMARK [1][-]{section.2}{Data samples}{}
\BOOKMARK [1][-]{section.3}{Event selection}{}
\BOOKMARK [2][-]{subsection.3.1}{Trigger}{section.3}
\BOOKMARK [2][-]{subsection.3.2}{Muon selection}{section.3}
\BOOKMARK [2][-]{subsection.3.3}{Electron selection}{section.3}
\BOOKMARK [2][-]{subsection.3.4}{Missing ET}{section.3}
\BOOKMARK [2][-]{subsection.3.5}{Jet counting}{section.3}
\BOOKMARK [2][-]{subsection.3.6}{Z veto}{section.3}
\BOOKMARK [2][-]{subsection.3.7}{Top tagging}{section.3}
\BOOKMARK [2][-]{subsection.3.8}{Other selection requirements}{section.3}
\BOOKMARK [1][-]{section.4}{Signal extraction}{}
\BOOKMARK [2][-]{subsection.4.1}{Cut based analysis}{section.4}
\BOOKMARK [2][-]{subsection.4.2}{MVA analaysis}{section.4}
\BOOKMARK [2][-]{subsection.4.3}{Matrix Element method}{section.4}
\BOOKMARK [1][-]{section.5}{Event yields in Data and Monte Carlo}{}
\BOOKMARK [2][-]{subsection.5.1}{Monte Carlo selection efficiency}{section.5}
\BOOKMARK [2][-]{subsection.5.2}{Yields}{section.5}
\BOOKMARK [1][-]{section.6}{Background estimation}{}
\BOOKMARK [2][-]{subsection.6.1}{WW background}{section.6}
\BOOKMARK [2][-]{subsection.6.2}{Jet induced backgrounds}{section.6}
\BOOKMARK [2][-]{subsection.6.3}{Top background}{section.6}
\BOOKMARK [2][-]{subsection.6.4}{Drell-Yan background}{section.6}
\BOOKMARK [2][-]{subsection.6.5}{Other backgrounds}{section.6}
\BOOKMARK [1][-]{section.7}{Results}{}
\BOOKMARK [1][-]{section.8}{Summary}{}
\BOOKMARK [1][-]{section*.2}{Appendices}{}
